<?xml version="1.0" encoding="UTF-8"?>
<!-- Generated by org.testng.reporters.JUnitXMLReporter -->
<testsuite ignored="0" hostname="Users-MacBook-Pro-2.local" failures="0" tests="4" name="Sport Category Tests" time="1.48" errors="0" timestamp="2026-05-23T11:15:43 WIB">
  <testcase classname="tests.auth.LoginTest" name="loginTest" time="0.747"/>
  <testcase classname="tests.sportcategory.SportCategoryTest" name="createSportCategories" time="0.191"/>
  <testcase classname="tests.sportcategory.SportCategoryTest" name="deleteSportCategory" time="0.378"/>
  <testcase classname="tests.sportcategory.SportCategoryTest" name="getSportCategories" time="0.145"/>
</testsuite> <!-- Sport Category Tests -->
