<?xml version="1.0" encoding="UTF-8"?>
<testng-results ignored="0" total="5" passed="5" failed="0" skipped="0">
  <reporter-output>
  </reporter-output>
  <suite started-at="2026-05-23T11:15:38 WIB" name="API Test Suite" finished-at="2026-05-23T11:15:43 WIB" duration-ms="5376">
    <groups>
    </groups>
    <test started-at="2026-05-23T11:15:38 WIB" name="Authentication Tests" finished-at="2026-05-23T11:15:42 WIB" duration-ms="3770">
      <class name="tests.auth.LoginTest">
        <test-method signature="loginTest()[pri:0, instance:tests.auth.LoginTest@6a6afff2]" started-at="2026-05-23T11:15:38 WIB" name="loginTest" finished-at="2026-05-23T11:15:42 WIB" duration-ms="3734" status="PASS">
          <reporter-output>
          </reporter-output>
        </test-method> <!-- loginTest -->
      </class> <!-- tests.auth.LoginTest -->
    </test> <!-- Authentication Tests -->
    <test started-at="2026-05-23T11:15:42 WIB" name="Sport Category Tests" finished-at="2026-05-23T11:15:43 WIB" duration-ms="1480">
      <class name="tests.sportcategory.SportCategoryTest">
        <test-method is-config="true" signature="setUp()[pri:0, instance:tests.sportcategory.SportCategoryTest@32b260fa]" started-at="2026-05-23T11:15:43 WIB" name="setUp" finished-at="2026-05-23T11:15:43 WIB" duration-ms="9" status="PASS">
          <reporter-output>
          </reporter-output>
        </test-method> <!-- setUp -->
        <test-method signature="createSportCategories()[pri:0, instance:tests.sportcategory.SportCategoryTest@32b260fa]" started-at="2026-05-23T11:15:43 WIB" name="createSportCategories" finished-at="2026-05-23T11:15:43 WIB" duration-ms="191" status="PASS">
          <reporter-output>
          </reporter-output>
        </test-method> <!-- createSportCategories -->
        <test-method signature="deleteSportCategory()[pri:0, instance:tests.sportcategory.SportCategoryTest@32b260fa]" started-at="2026-05-23T11:15:43 WIB" name="deleteSportCategory" finished-at="2026-05-23T11:15:43 WIB" duration-ms="378" status="PASS">
          <reporter-output>
          </reporter-output>
        </test-method> <!-- deleteSportCategory -->
        <test-method signature="getSportCategories()[pri:0, instance:tests.sportcategory.SportCategoryTest@32b260fa]" started-at="2026-05-23T11:15:43 WIB" name="getSportCategories" finished-at="2026-05-23T11:15:43 WIB" duration-ms="145" status="PASS">
          <reporter-output>
          </reporter-output>
        </test-method> <!-- getSportCategories -->
      </class> <!-- tests.sportcategory.SportCategoryTest -->
      <class name="tests.auth.LoginTest">
        <test-method signature="loginTest()[pri:0, instance:tests.auth.LoginTest@2b48a640]" started-at="2026-05-23T11:15:42 WIB" name="loginTest" finished-at="2026-05-23T11:15:43 WIB" duration-ms="747" status="PASS">
          <reporter-output>
          </reporter-output>
        </test-method> <!-- loginTest -->
      </class> <!-- tests.auth.LoginTest -->
    </test> <!-- Sport Category Tests -->
  </suite> <!-- API Test Suite -->
</testng-results>
