<?xml version="1.0" encoding="UTF-8"?>
<!-- Generated by org.testng.reporters.JUnitReportReporter -->
<testsuite hostname="Users-MacBook-Pro-2.local" failures="0" tests="3" name="tests.sportcategory.SportCategoryTest" time="0.714" errors="0" timestamp="2026-05-23T11:15:43 WIB" skipped="0">
  <testcase classname="tests.sportcategory.SportCategoryTest" name="getSportCategories" time="0.145"/>
  <testcase classname="tests.sportcategory.SportCategoryTest" name="createSportCategories" time="0.191"/>
  <testcase classname="tests.sportcategory.SportCategoryTest" name="deleteSportCategory" time="0.378"/>
</testsuite> <!-- tests.sportcategory.SportCategoryTest -->
